{"contracts\\Farm.sol":{"l":{"23":39,"24":39,"35":3,"39":1,"43":1,"47":1,"51":1,"55":1,"59":1,"64":10,"66":10,"67":2,"68":2,"71":10,"72":10,"73":10,"74":10,"78":16,"79":16,"83":10,"84":10,"85":10,"89":2,"95":2,"96":2,"98":2,"100":2,"101":2,"103":2,"107":3,"108":3,"109":3,"111":3,"112":1,"113":1,"114":1,"117":3,"118":3,"119":3},"path":"C:\\Users\\Владислав\\Desktop\\Pair\\contracts\\Farm.sol","s":{"1":39,"2":39,"3":3,"4":1,"5":1,"6":1,"7":1,"8":1,"9":1,"10":10,"11":10,"12":2,"13":2,"14":10,"15":10,"16":10,"17":10,"18":16,"19":16,"20":10,"21":10,"22":10,"23":2,"24":2,"25":2,"26":2,"27":2,"28":2,"29":2,"30":3,"31":3,"32":3,"33":3,"34":1,"35":1,"36":1,"37":3,"38":3,"39":3},"b":{"1":[10,0],"2":[2,8],"3":[2,0],"4":[3,0],"5":[3,0],"6":[1,2]},"f":{"1":39,"2":3,"3":1,"4":1,"5":1,"6":1,"7":1,"8":1,"9":10,"10":16,"11":10,"12":2,"13":3},"fnMap":{"1":{"name":"constructor","line":22,"loc":{"start":{"line":22,"column":4},"end":{"line":25,"column":4}}},"2":{"name":"getStakingBalance","line":34,"loc":{"start":{"line":34,"column":4},"end":{"line":36,"column":4}}},"3":{"name":"getStartTime","line":38,"loc":{"start":{"line":38,"column":4},"end":{"line":40,"column":4}}},"4":{"name":"getRewordsTokenBalance","line":42,"loc":{"start":{"line":42,"column":4},"end":{"line":44,"column":4}}},"5":{"name":"getProccentRewards","line":46,"loc":{"start":{"line":46,"column":4},"end":{"line":48,"column":4}}},"6":{"name":"getTimeLock","line":50,"loc":{"start":{"line":50,"column":4},"end":{"line":52,"column":4}}},"7":{"name":"changeProccentRewards","line":54,"loc":{"start":{"line":54,"column":4},"end":{"line":56,"column":4}}},"8":{"name":"changeTimeLock","line":58,"loc":{"start":{"line":58,"column":4},"end":{"line":60,"column":4}}},"9":{"name":"stake","line":63,"loc":{"start":{"line":63,"column":4},"end":{"line":75,"column":4}}},"10":{"name":"timeStaking","line":77,"loc":{"start":{"line":77,"column":4},"end":{"line":80,"column":4}}},"11":{"name":"totalReward","line":82,"loc":{"start":{"line":82,"column":4},"end":{"line":86,"column":4}}},"12":{"name":"unstake","line":88,"loc":{"start":{"line":88,"column":4},"end":{"line":104,"column":4}}},"13":{"name":"claim","line":106,"loc":{"start":{"line":106,"column":4},"end":{"line":120,"column":4}}}},"statementMap":{"1":{"start":{"line":23,"column":8},"end":{"line":23,"column":43}},"2":{"start":{"line":24,"column":8},"end":{"line":24,"column":25}},"3":{"start":{"line":35,"column":8},"end":{"line":35,"column":50}},"4":{"start":{"line":39,"column":8},"end":{"line":39,"column":45}},"5":{"start":{"line":43,"column":8},"end":{"line":43,"column":50}},"6":{"start":{"line":47,"column":8},"end":{"line":47,"column":30}},"7":{"start":{"line":51,"column":8},"end":{"line":51,"column":23}},"8":{"start":{"line":55,"column":8},"end":{"line":55,"column":43}},"9":{"start":{"line":59,"column":8},"end":{"line":59,"column":25}},"10":{"start":{"line":64,"column":8},"end":{"line":64,"column":109}},"11":{"start":{"line":66,"column":8},"end":{"line":66,"column":1813}},"12":{"start":{"line":67,"column":12},"end":{"line":67,"column":57}},"13":{"start":{"line":68,"column":12},"end":{"line":68,"column":61}},"14":{"start":{"line":71,"column":8},"end":{"line":71,"column":70}},"15":{"start":{"line":72,"column":8},"end":{"line":72,"column":52}},"16":{"start":{"line":73,"column":8},"end":{"line":73,"column":55}},"17":{"start":{"line":74,"column":8},"end":{"line":74,"column":38}},"18":{"start":{"line":78,"column":8},"end":{"line":78,"column":67}},"19":{"start":{"line":79,"column":8},"end":{"line":79,"column":24}},"20":{"start":{"line":83,"column":8},"end":{"line":83,"column":59}},"21":{"start":{"line":84,"column":8},"end":{"line":84,"column":98}},"22":{"start":{"line":85,"column":8},"end":{"line":85,"column":26}},"23":{"start":{"line":89,"column":8},"end":{"line":89,"column":2738}},"24":{"start":{"line":95,"column":8},"end":{"line":95,"column":50}},"25":{"start":{"line":96,"column":8},"end":{"line":96,"column":55}},"26":{"start":{"line":98,"column":8},"end":{"line":98,"column":52}},"27":{"start":{"line":100,"column":8},"end":{"line":100,"column":51}},"28":{"start":{"line":101,"column":8},"end":{"line":101,"column":57}},"29":{"start":{"line":103,"column":8},"end":{"line":103,"column":40}},"30":{"start":{"line":107,"column":8},"end":{"line":107,"column":117}},"31":{"start":{"line":108,"column":8},"end":{"line":108,"column":114}},"32":{"start":{"line":109,"column":8},"end":{"line":109,"column":49}},"33":{"start":{"line":111,"column":8},"end":{"line":111,"column":3588}},"34":{"start":{"line":112,"column":12},"end":{"line":112,"column":69}},"35":{"start":{"line":113,"column":12},"end":{"line":113,"column":36}},"36":{"start":{"line":114,"column":12},"end":{"line":114,"column":50}},"37":{"start":{"line":117,"column":8},"end":{"line":117,"column":55}},"38":{"start":{"line":118,"column":8},"end":{"line":118,"column":49}},"39":{"start":{"line":119,"column":8},"end":{"line":119,"column":39}}},"branchMap":{"1":{"line":64,"type":"if","locations":[{"start":{"line":64,"column":8},"end":{"line":64,"column":8}},{"start":{"line":64,"column":8},"end":{"line":64,"column":8}}]},"2":{"line":66,"type":"if","locations":[{"start":{"line":66,"column":8},"end":{"line":66,"column":8}},{"start":{"line":66,"column":8},"end":{"line":66,"column":8}}]},"3":{"line":89,"type":"if","locations":[{"start":{"line":89,"column":8},"end":{"line":89,"column":8}},{"start":{"line":89,"column":8},"end":{"line":89,"column":8}}]},"4":{"line":107,"type":"if","locations":[{"start":{"line":107,"column":8},"end":{"line":107,"column":8}},{"start":{"line":107,"column":8},"end":{"line":107,"column":8}}]},"5":{"line":108,"type":"if","locations":[{"start":{"line":108,"column":8},"end":{"line":108,"column":8}},{"start":{"line":108,"column":8},"end":{"line":108,"column":8}}]},"6":{"line":111,"type":"if","locations":[{"start":{"line":111,"column":8},"end":{"line":111,"column":8}},{"start":{"line":111,"column":8},"end":{"line":111,"column":8}}]}}},"contracts\\IERC20.sol":{"l":{},"path":"C:\\Users\\Владислав\\Desktop\\Pair\\contracts\\IERC20.sol","s":{},"b":{},"f":{},"fnMap":{},"statementMap":{},"branchMap":{}},"contracts\\Ownable.sol":{"l":{"13":117,"18":1,"23":82,"24":82,"29":84,"34":1,"35":1,"40":1,"45":1,"46":1,"47":1},"path":"C:\\Users\\Владислав\\Desktop\\Pair\\contracts\\Ownable.sol","s":{"1":117,"2":1,"3":82,"4":84,"5":1,"6":1,"7":1,"8":1,"9":1,"10":1},"b":{"1":[82,0],"2":[1,0]},"f":{"1":117,"2":1,"3":82,"4":84,"5":1,"6":1,"7":1},"fnMap":{"1":{"name":"constructor","line":12,"loc":{"start":{"line":12,"column":2},"end":{"line":14,"column":4}}},"2":{"name":"owner","line":17,"loc":{"start":{"line":17,"column":2},"end":{"line":19,"column":2}}},"3":{"name":"onlyOwner","line":22,"loc":{"start":{"line":22,"column":2},"end":{"line":25,"column":2}}},"4":{"name":"isOwner","line":28,"loc":{"start":{"line":28,"column":2},"end":{"line":30,"column":2}}},"5":{"name":"renounceOwnership","line":33,"loc":{"start":{"line":33,"column":2},"end":{"line":36,"column":2}}},"6":{"name":"transferOwnership","line":39,"loc":{"start":{"line":39,"column":2},"end":{"line":41,"column":2}}},"7":{"name":"_transferOwnership","line":44,"loc":{"start":{"line":44,"column":2},"end":{"line":48,"column":2}}}},"statementMap":{"1":{"start":{"line":13,"column":8},"end":{"line":13,"column":26}},"2":{"start":{"line":18,"column":4},"end":{"line":18,"column":17}},"3":{"start":{"line":23,"column":4},"end":{"line":23,"column":37}},"4":{"start":{"line":29,"column":4},"end":{"line":29,"column":31}},"5":{"start":{"line":34,"column":4},"end":{"line":34,"column":49}},"6":{"start":{"line":35,"column":4},"end":{"line":35,"column":22}},"7":{"start":{"line":40,"column":4},"end":{"line":40,"column":31}},"8":{"start":{"line":45,"column":4},"end":{"line":45,"column":34}},"9":{"start":{"line":46,"column":4},"end":{"line":46,"column":47}},"10":{"start":{"line":47,"column":4},"end":{"line":47,"column":20}}},"branchMap":{"1":{"line":23,"type":"if","locations":[{"start":{"line":23,"column":4},"end":{"line":23,"column":4}},{"start":{"line":23,"column":4},"end":{"line":23,"column":4}}]},"2":{"line":45,"type":"if","locations":[{"start":{"line":45,"column":4},"end":{"line":45,"column":4}},{"start":{"line":45,"column":4},"end":{"line":45,"column":4}}]}}},"contracts\\Pair.sol":{"l":{"17":0,"18":0,"20":0,"21":0,"24":0,"37":0,"39":0,"41":0,"43":0,"45":0},"path":"C:\\Users\\Владислав\\Desktop\\Pair\\contracts\\Pair.sol","s":{"1":0,"2":0,"3":0,"4":0,"5":0,"6":0,"7":0,"8":0,"9":0,"10":0},"b":{},"f":{"1":0,"2":0},"fnMap":{"1":{"name":"addNewLiquidity","line":15,"loc":{"start":{"line":15,"column":4},"end":{"line":34,"column":4}}},"2":{"name":"remouteLiquidity","line":36,"loc":{"start":{"line":36,"column":4},"end":{"line":54,"column":4}}}},"statementMap":{"1":{"start":{"line":17,"column":8},"end":{"line":17,"column":72}},"2":{"start":{"line":18,"column":8},"end":{"line":18,"column":72}},"3":{"start":{"line":20,"column":8},"end":{"line":20,"column":49}},"4":{"start":{"line":21,"column":8},"end":{"line":21,"column":49}},"5":{"start":{"line":24,"column":8},"end":{"line":24,"column":853}},"6":{"start":{"line":37,"column":8},"end":{"line":37,"column":75}},"7":{"start":{"line":39,"column":8},"end":{"line":39,"column":62}},"8":{"start":{"line":41,"column":8},"end":{"line":41,"column":70}},"9":{"start":{"line":43,"column":8},"end":{"line":43,"column":46}},"10":{"start":{"line":45,"column":8},"end":{"line":45,"column":1432}}},"branchMap":{}},"contracts\\Token1.sol":{"l":{"22":39,"29":39,"30":39,"31":39,"32":39,"36":0,"40":3,"44":6,"45":6,"46":6,"47":6,"48":6,"52":0,"56":0,"57":0,"58":0,"59":0,"63":0,"64":0,"65":0,"66":0,"70":0,"71":0,"72":0,"76":0,"78":0,"79":0,"80":0,"81":0,"82":0,"84":0,"88":0,"89":0,"90":0,"91":0},"path":"C:\\Users\\Владислав\\Desktop\\Pair\\contracts\\Token1.sol","s":{"1":39,"2":39,"3":39,"4":39,"5":39,"6":0,"7":3,"8":6,"9":6,"10":6,"11":6,"12":6,"13":0,"14":0,"15":0,"16":0,"17":0,"18":0,"19":0,"20":0,"21":0,"22":0,"23":0,"24":0,"25":0,"26":0,"27":0,"28":0,"29":0,"30":0,"31":0,"32":0,"33":0,"34":0,"35":0},"b":{"1":[39,0],"2":[6,0],"3":[0,0],"4":[0,0],"5":[0,0],"6":[0,0]},"f":{"1":39,"2":39,"3":0,"4":3,"5":6,"6":0,"7":0,"8":0,"9":0,"10":0,"11":0},"fnMap":{"1":{"name":"constructor","line":21,"loc":{"start":{"line":21,"column":4},"end":{"line":25,"column":4}}},"2":{"name":"mint","line":27,"loc":{"start":{"line":27,"column":4},"end":{"line":33,"column":4}}},"3":{"name":"totalSupply","line":35,"loc":{"start":{"line":35,"column":4},"end":{"line":37,"column":4}}},"4":{"name":"balanceOf","line":39,"loc":{"start":{"line":39,"column":4},"end":{"line":41,"column":4}}},"5":{"name":"transfer","line":43,"loc":{"start":{"line":43,"column":4},"end":{"line":49,"column":4}}},"6":{"name":"allowance","line":51,"loc":{"start":{"line":51,"column":4},"end":{"line":53,"column":4}}},"7":{"name":"increaseAllowance","line":55,"loc":{"start":{"line":55,"column":4},"end":{"line":60,"column":4}}},"8":{"name":"decreaseAllowance","line":62,"loc":{"start":{"line":62,"column":8},"end":{"line":67,"column":4}}},"9":{"name":"approve","line":69,"loc":{"start":{"line":69,"column":4},"end":{"line":73,"column":4}}},"10":{"name":"transferFrom","line":75,"loc":{"start":{"line":75,"column":4},"end":{"line":85,"column":4}}},"11":{"name":"burn","line":87,"loc":{"start":{"line":87,"column":4},"end":{"line":92,"column":4}}}},"statementMap":{"1":{"start":{"line":22,"column":8},"end":{"line":22,"column":45}},"2":{"start":{"line":29,"column":8},"end":{"line":29,"column":27}},"3":{"start":{"line":30,"column":8},"end":{"line":30,"column":29}},"4":{"start":{"line":31,"column":8},"end":{"line":31,"column":29}},"5":{"start":{"line":32,"column":8},"end":{"line":32,"column":45}},"6":{"start":{"line":36,"column":7},"end":{"line":36,"column":26}},"7":{"start":{"line":40,"column":8},"end":{"line":40,"column":32}},"8":{"start":{"line":44,"column":8},"end":{"line":44,"column":67}},"9":{"start":{"line":45,"column":8},"end":{"line":45,"column":37}},"10":{"start":{"line":46,"column":8},"end":{"line":46,"column":29}},"11":{"start":{"line":47,"column":8},"end":{"line":47,"column":45}},"12":{"start":{"line":48,"column":8},"end":{"line":48,"column":19}},"13":{"start":{"line":52,"column":8},"end":{"line":52,"column":41}},"14":{"start":{"line":56,"column":8},"end":{"line":56,"column":52}},"15":{"start":{"line":57,"column":8},"end":{"line":57,"column":48}},"16":{"start":{"line":58,"column":8},"end":{"line":58,"column":75}},"17":{"start":{"line":59,"column":8},"end":{"line":59,"column":19}},"18":{"start":{"line":63,"column":8},"end":{"line":63,"column":97}},"19":{"start":{"line":64,"column":8},"end":{"line":64,"column":48}},"20":{"start":{"line":65,"column":8},"end":{"line":65,"column":75}},"21":{"start":{"line":66,"column":8},"end":{"line":66,"column":19}},"22":{"start":{"line":70,"column":8},"end":{"line":70,"column":47}},"23":{"start":{"line":71,"column":8},"end":{"line":71,"column":50}},"24":{"start":{"line":72,"column":8},"end":{"line":72,"column":19}},"25":{"start":{"line":76,"column":8},"end":{"line":76,"column":2660}},"26":{"start":{"line":78,"column":16},"end":{"line":78,"column":53}},"27":{"start":{"line":79,"column":16},"end":{"line":79,"column":39}},"28":{"start":{"line":80,"column":16},"end":{"line":80,"column":37}},"29":{"start":{"line":81,"column":16},"end":{"line":81,"column":47}},"30":{"start":{"line":82,"column":16},"end":{"line":82,"column":27}},"31":{"start":{"line":84,"column":8},"end":{"line":84,"column":20}},"32":{"start":{"line":88,"column":8},"end":{"line":88,"column":73}},"33":{"start":{"line":89,"column":8},"end":{"line":89,"column":29}},"34":{"start":{"line":90,"column":8},"end":{"line":90,"column":34}},"35":{"start":{"line":91,"column":8},"end":{"line":91,"column":50}}},"branchMap":{"1":{"line":29,"type":"if","locations":[{"start":{"line":29,"column":8},"end":{"line":29,"column":8}},{"start":{"line":29,"column":8},"end":{"line":29,"column":8}}]},"2":{"line":44,"type":"if","locations":[{"start":{"line":44,"column":8},"end":{"line":44,"column":8}},{"start":{"line":44,"column":8},"end":{"line":44,"column":8}}]},"3":{"line":56,"type":"if","locations":[{"start":{"line":56,"column":8},"end":{"line":56,"column":8}},{"start":{"line":56,"column":8},"end":{"line":56,"column":8}}]},"4":{"line":63,"type":"if","locations":[{"start":{"line":63,"column":8},"end":{"line":63,"column":8}},{"start":{"line":63,"column":8},"end":{"line":63,"column":8}}]},"5":{"line":76,"type":"if","locations":[{"start":{"line":76,"column":8},"end":{"line":76,"column":8}},{"start":{"line":76,"column":8},"end":{"line":76,"column":8}}]},"6":{"line":88,"type":"if","locations":[{"start":{"line":88,"column":8},"end":{"line":88,"column":8}},{"start":{"line":88,"column":8},"end":{"line":88,"column":8}}]}}},"contracts\\Token2.sol":{"l":{"19":39,"23":39,"24":39,"25":39,"26":39,"30":0,"34":10,"38":2,"39":2,"40":2,"41":2,"42":2,"46":0,"50":0,"51":0,"52":0,"53":0,"57":0,"58":0,"59":0,"60":0,"64":10,"65":10,"66":10,"70":10,"72":10,"73":10,"74":10,"75":10,"76":10,"78":0,"82":0,"83":0,"84":0,"85":0},"path":"C:\\Users\\Владислав\\Desktop\\Pair\\contracts\\Token2.sol","s":{"1":39,"2":39,"3":39,"4":39,"5":39,"6":0,"7":10,"8":2,"9":2,"10":2,"11":2,"12":2,"13":0,"14":0,"15":0,"16":0,"17":0,"18":0,"19":0,"20":0,"21":0,"22":10,"23":10,"24":10,"25":10,"26":10,"27":10,"28":10,"29":10,"30":10,"31":0,"32":0,"33":0,"34":0,"35":0},"b":{"1":[39,0],"2":[2,0],"3":[0,0],"4":[0,0],"5":[10,0],"6":[0,0]},"f":{"1":39,"2":39,"3":0,"4":10,"5":2,"6":0,"7":0,"8":0,"9":10,"10":10,"11":0},"fnMap":{"1":{"name":"constructor","line":18,"loc":{"start":{"line":18,"column":4},"end":{"line":20,"column":4}}},"2":{"name":"mint","line":22,"loc":{"start":{"line":22,"column":4},"end":{"line":27,"column":4}}},"3":{"name":"totalSupply","line":29,"loc":{"start":{"line":29,"column":4},"end":{"line":31,"column":4}}},"4":{"name":"balanceOf","line":33,"loc":{"start":{"line":33,"column":4},"end":{"line":35,"column":4}}},"5":{"name":"transfer","line":37,"loc":{"start":{"line":37,"column":4},"end":{"line":43,"column":4}}},"6":{"name":"allowance","line":45,"loc":{"start":{"line":45,"column":4},"end":{"line":47,"column":4}}},"7":{"name":"increaseAllowance","line":49,"loc":{"start":{"line":49,"column":4},"end":{"line":54,"column":4}}},"8":{"name":"decreaseAllowance","line":56,"loc":{"start":{"line":56,"column":8},"end":{"line":61,"column":4}}},"9":{"name":"approve","line":63,"loc":{"start":{"line":63,"column":4},"end":{"line":67,"column":4}}},"10":{"name":"transferFrom","line":69,"loc":{"start":{"line":69,"column":4},"end":{"line":79,"column":4}}},"11":{"name":"burn","line":81,"loc":{"start":{"line":81,"column":4},"end":{"line":86,"column":4}}}},"statementMap":{"1":{"start":{"line":19,"column":8},"end":{"line":19,"column":45}},"2":{"start":{"line":23,"column":8},"end":{"line":23,"column":27}},"3":{"start":{"line":24,"column":8},"end":{"line":24,"column":29}},"4":{"start":{"line":25,"column":8},"end":{"line":25,"column":29}},"5":{"start":{"line":26,"column":8},"end":{"line":26,"column":45}},"6":{"start":{"line":30,"column":7},"end":{"line":30,"column":26}},"7":{"start":{"line":34,"column":8},"end":{"line":34,"column":32}},"8":{"start":{"line":38,"column":8},"end":{"line":38,"column":67}},"9":{"start":{"line":39,"column":8},"end":{"line":39,"column":37}},"10":{"start":{"line":40,"column":8},"end":{"line":40,"column":29}},"11":{"start":{"line":41,"column":8},"end":{"line":41,"column":45}},"12":{"start":{"line":42,"column":8},"end":{"line":42,"column":19}},"13":{"start":{"line":46,"column":8},"end":{"line":46,"column":41}},"14":{"start":{"line":50,"column":8},"end":{"line":50,"column":52}},"15":{"start":{"line":51,"column":8},"end":{"line":51,"column":48}},"16":{"start":{"line":52,"column":8},"end":{"line":52,"column":75}},"17":{"start":{"line":53,"column":8},"end":{"line":53,"column":19}},"18":{"start":{"line":57,"column":8},"end":{"line":57,"column":97}},"19":{"start":{"line":58,"column":8},"end":{"line":58,"column":48}},"20":{"start":{"line":59,"column":8},"end":{"line":59,"column":75}},"21":{"start":{"line":60,"column":8},"end":{"line":60,"column":19}},"22":{"start":{"line":64,"column":8},"end":{"line":64,"column":47}},"23":{"start":{"line":65,"column":8},"end":{"line":65,"column":50}},"24":{"start":{"line":66,"column":8},"end":{"line":66,"column":19}},"25":{"start":{"line":70,"column":8},"end":{"line":70,"column":2379}},"26":{"start":{"line":72,"column":16},"end":{"line":72,"column":53}},"27":{"start":{"line":73,"column":16},"end":{"line":73,"column":39}},"28":{"start":{"line":74,"column":16},"end":{"line":74,"column":37}},"29":{"start":{"line":75,"column":16},"end":{"line":75,"column":47}},"30":{"start":{"line":76,"column":16},"end":{"line":76,"column":27}},"31":{"start":{"line":78,"column":8},"end":{"line":78,"column":20}},"32":{"start":{"line":82,"column":8},"end":{"line":82,"column":73}},"33":{"start":{"line":83,"column":8},"end":{"line":83,"column":29}},"34":{"start":{"line":84,"column":8},"end":{"line":84,"column":34}},"35":{"start":{"line":85,"column":8},"end":{"line":85,"column":50}}},"branchMap":{"1":{"line":23,"type":"if","locations":[{"start":{"line":23,"column":8},"end":{"line":23,"column":8}},{"start":{"line":23,"column":8},"end":{"line":23,"column":8}}]},"2":{"line":38,"type":"if","locations":[{"start":{"line":38,"column":8},"end":{"line":38,"column":8}},{"start":{"line":38,"column":8},"end":{"line":38,"column":8}}]},"3":{"line":50,"type":"if","locations":[{"start":{"line":50,"column":8},"end":{"line":50,"column":8}},{"start":{"line":50,"column":8},"end":{"line":50,"column":8}}]},"4":{"line":57,"type":"if","locations":[{"start":{"line":57,"column":8},"end":{"line":57,"column":8}},{"start":{"line":57,"column":8},"end":{"line":57,"column":8}}]},"5":{"line":70,"type":"if","locations":[{"start":{"line":70,"column":8},"end":{"line":70,"column":8}},{"start":{"line":70,"column":8},"end":{"line":70,"column":8}}]},"6":{"line":82,"type":"if","locations":[{"start":{"line":82,"column":8},"end":{"line":82,"column":8}},{"start":{"line":82,"column":8},"end":{"line":82,"column":8}}]}}}}