{"contracts\\Farm.sol":{"l":{"29":0,"30":0,"31":0,"42":0,"46":0,"50":0,"52":0,"53":0,"54":0,"57":0,"58":0,"59":0,"60":0,"61":0,"65":0,"66":0,"70":0,"71":0,"72":0,"76":0,"83":0,"84":0,"85":0,"86":0,"88":0,"90":0,"91":0,"93":0,"94":0,"96":0,"101":0,"106":0,"107":0,"108":0,"109":0,"112":0,"113":0,"114":0},"path":"C:\\Users\\Владислав\\Desktop\\Pair\\contracts\\Farm.sol","s":{"1":0,"2":0,"3":0,"4":0,"5":0,"6":0,"7":0,"8":0,"9":0,"10":0,"11":0,"12":0,"13":0,"14":0,"15":0,"16":0,"17":0,"18":0,"19":0,"20":0,"21":0,"22":0,"23":0,"24":0,"25":0,"26":0,"27":0,"28":0,"29":0,"30":0,"31":0,"32":0,"33":0,"34":0,"35":0,"36":0,"37":0,"38":0},"b":{"1":[0,0],"2":[0,0],"3":[0,0],"4":[0,0],"5":[0,0]},"f":{"1":0,"2":0,"3":0,"4":0,"5":0,"6":0,"7":0,"8":0},"fnMap":{"1":{"name":"constructor","line":28,"loc":{"start":{"line":28,"column":4},"end":{"line":32,"column":4}}},"2":{"name":"changeTimeLock","line":41,"loc":{"start":{"line":41,"column":4},"end":{"line":43,"column":4}}},"3":{"name":"changeProccentRewars","line":45,"loc":{"start":{"line":45,"column":4},"end":{"line":47,"column":4}}},"4":{"name":"stake","line":49,"loc":{"start":{"line":49,"column":4},"end":{"line":62,"column":4}}},"5":{"name":"timeStaking","line":64,"loc":{"start":{"line":64,"column":4},"end":{"line":67,"column":4}}},"6":{"name":"totalReward","line":69,"loc":{"start":{"line":69,"column":4},"end":{"line":73,"column":4}}},"7":{"name":"unstake","line":75,"loc":{"start":{"line":75,"column":4},"end":{"line":97,"column":4}}},"8":{"name":"claim","line":99,"loc":{"start":{"line":99,"column":4},"end":{"line":115,"column":4}}}},"statementMap":{"1":{"start":{"line":29,"column":8},"end":{"line":29,"column":31}},"2":{"start":{"line":30,"column":8},"end":{"line":30,"column":31}},"3":{"start":{"line":31,"column":8},"end":{"line":31,"column":19}},"4":{"start":{"line":42,"column":8},"end":{"line":42,"column":25}},"5":{"start":{"line":46,"column":8},"end":{"line":46,"column":41}},"6":{"start":{"line":50,"column":8},"end":{"line":50,"column":106}},"7":{"start":{"line":52,"column":8},"end":{"line":52,"column":1365}},"8":{"start":{"line":53,"column":12},"end":{"line":53,"column":57}},"9":{"start":{"line":54,"column":12},"end":{"line":54,"column":60}},"10":{"start":{"line":57,"column":8},"end":{"line":57,"column":67}},"11":{"start":{"line":58,"column":8},"end":{"line":58,"column":52}},"12":{"start":{"line":59,"column":8},"end":{"line":59,"column":55}},"13":{"start":{"line":60,"column":8},"end":{"line":60,"column":44}},"14":{"start":{"line":61,"column":8},"end":{"line":61,"column":38}},"15":{"start":{"line":65,"column":8},"end":{"line":65,"column":67}},"16":{"start":{"line":66,"column":8},"end":{"line":66,"column":24}},"17":{"start":{"line":70,"column":8},"end":{"line":70,"column":59}},"18":{"start":{"line":71,"column":8},"end":{"line":71,"column":96}},"19":{"start":{"line":72,"column":8},"end":{"line":72,"column":26}},"20":{"start":{"line":76,"column":8},"end":{"line":76,"column":2336}},"21":{"start":{"line":83,"column":8},"end":{"line":83,"column":50}},"22":{"start":{"line":84,"column":8},"end":{"line":84,"column":55}},"23":{"start":{"line":85,"column":8},"end":{"line":85,"column":40}},"24":{"start":{"line":86,"column":8},"end":{"line":86,"column":17}},"25":{"start":{"line":88,"column":8},"end":{"line":88,"column":61}},"26":{"start":{"line":90,"column":8},"end":{"line":90,"column":57}},"27":{"start":{"line":91,"column":8},"end":{"line":91,"column":56}},"28":{"start":{"line":93,"column":8},"end":{"line":93,"column":2934}},"29":{"start":{"line":94,"column":12},"end":{"line":94,"column":49}},"30":{"start":{"line":96,"column":8},"end":{"line":96,"column":40}},"31":{"start":{"line":101,"column":8},"end":{"line":101,"column":49}},"32":{"start":{"line":106,"column":8},"end":{"line":106,"column":3419}},"33":{"start":{"line":107,"column":12},"end":{"line":107,"column":68}},"34":{"start":{"line":108,"column":12},"end":{"line":108,"column":36}},"35":{"start":{"line":109,"column":12},"end":{"line":109,"column":49}},"36":{"start":{"line":112,"column":8},"end":{"line":112,"column":55}},"37":{"start":{"line":113,"column":8},"end":{"line":113,"column":39}},"38":{"start":{"line":114,"column":8},"end":{"line":114,"column":39}}},"branchMap":{"1":{"line":50,"type":"if","locations":[{"start":{"line":50,"column":8},"end":{"line":50,"column":8}},{"start":{"line":50,"column":8},"end":{"line":50,"column":8}}]},"2":{"line":52,"type":"if","locations":[{"start":{"line":52,"column":8},"end":{"line":52,"column":8}},{"start":{"line":52,"column":8},"end":{"line":52,"column":8}}]},"3":{"line":76,"type":"if","locations":[{"start":{"line":76,"column":8},"end":{"line":76,"column":8}},{"start":{"line":76,"column":8},"end":{"line":76,"column":8}}]},"4":{"line":93,"type":"if","locations":[{"start":{"line":93,"column":8},"end":{"line":93,"column":8}},{"start":{"line":93,"column":8},"end":{"line":93,"column":8}}]},"5":{"line":106,"type":"if","locations":[{"start":{"line":106,"column":8},"end":{"line":106,"column":8}},{"start":{"line":106,"column":8},"end":{"line":106,"column":8}}]}}},"contracts\\IERC20.sol":{"l":{},"path":"C:\\Users\\Владислав\\Desktop\\Pair\\contracts\\IERC20.sol","s":{},"b":{},"f":{},"fnMap":{},"statementMap":{},"branchMap":{}},"contracts\\Ownable.sol":{"l":{"17":0,"18":0,"23":0,"28":0,"29":0,"33":0,"34":0,"39":0,"44":0,"45":0,"50":0,"55":0,"56":0,"57":0},"path":"C:\\Users\\Владислав\\Desktop\\Pair\\contracts\\Ownable.sol","s":{"1":0,"2":0,"3":0,"4":0,"5":0,"6":0,"7":0,"8":0,"9":0,"10":0,"11":0,"12":0},"b":{"1":[0,0],"2":[0,0],"3":[0,0]},"f":{"1":0,"2":0,"3":0,"4":0,"5":0,"6":0,"7":0,"8":0},"fnMap":{"1":{"name":"constructor","line":16,"loc":{"start":{"line":16,"column":2},"end":{"line":19,"column":4}}},"2":{"name":"owner","line":22,"loc":{"start":{"line":22,"column":2},"end":{"line":24,"column":2}}},"3":{"name":"onlyOwner","line":27,"loc":{"start":{"line":27,"column":2},"end":{"line":30,"column":2}}},"4":{"name":"ownerOrMinter","line":32,"loc":{"start":{"line":32,"column":2},"end":{"line":35,"column":2}}},"5":{"name":"isOwner","line":38,"loc":{"start":{"line":38,"column":2},"end":{"line":40,"column":2}}},"6":{"name":"renounceOwnership","line":43,"loc":{"start":{"line":43,"column":2},"end":{"line":46,"column":2}}},"7":{"name":"transferOwnership","line":49,"loc":{"start":{"line":49,"column":2},"end":{"line":51,"column":2}}},"8":{"name":"_transferOwnership","line":54,"loc":{"start":{"line":54,"column":2},"end":{"line":58,"column":2}}}},"statementMap":{"1":{"start":{"line":17,"column":8},"end":{"line":17,"column":26}},"2":{"start":{"line":18,"column":8},"end":{"line":18,"column":49}},"3":{"start":{"line":23,"column":4},"end":{"line":23,"column":17}},"4":{"start":{"line":28,"column":4},"end":{"line":28,"column":37}},"5":{"start":{"line":33,"column":4},"end":{"line":33,"column":94}},"6":{"start":{"line":39,"column":4},"end":{"line":39,"column":31}},"7":{"start":{"line":44,"column":4},"end":{"line":44,"column":49}},"8":{"start":{"line":45,"column":4},"end":{"line":45,"column":22}},"9":{"start":{"line":50,"column":4},"end":{"line":50,"column":31}},"10":{"start":{"line":55,"column":4},"end":{"line":55,"column":34}},"11":{"start":{"line":56,"column":4},"end":{"line":56,"column":47}},"12":{"start":{"line":57,"column":4},"end":{"line":57,"column":20}}},"branchMap":{"1":{"line":28,"type":"if","locations":[{"start":{"line":28,"column":4},"end":{"line":28,"column":4}},{"start":{"line":28,"column":4},"end":{"line":28,"column":4}}]},"2":{"line":33,"type":"if","locations":[{"start":{"line":33,"column":4},"end":{"line":33,"column":4}},{"start":{"line":33,"column":4},"end":{"line":33,"column":4}}]},"3":{"line":55,"type":"if","locations":[{"start":{"line":55,"column":4},"end":{"line":55,"column":4}},{"start":{"line":55,"column":4},"end":{"line":55,"column":4}}]}}},"contracts\\Pair.sol":{"l":{"17":0,"18":0,"20":0,"21":0,"24":0,"37":0,"39":0,"41":0,"43":0,"45":0},"path":"C:\\Users\\Владислав\\Desktop\\Pair\\contracts\\Pair.sol","s":{"1":0,"2":0,"3":0,"4":0,"5":0,"6":0,"7":0,"8":0,"9":0,"10":0},"b":{},"f":{"1":0,"2":0},"fnMap":{"1":{"name":"addNewLiquidity","line":15,"loc":{"start":{"line":15,"column":4},"end":{"line":34,"column":4}}},"2":{"name":"remouteLiquidity","line":36,"loc":{"start":{"line":36,"column":4},"end":{"line":54,"column":4}}}},"statementMap":{"1":{"start":{"line":17,"column":8},"end":{"line":17,"column":72}},"2":{"start":{"line":18,"column":8},"end":{"line":18,"column":72}},"3":{"start":{"line":20,"column":8},"end":{"line":20,"column":49}},"4":{"start":{"line":21,"column":8},"end":{"line":21,"column":49}},"5":{"start":{"line":24,"column":8},"end":{"line":24,"column":853}},"6":{"start":{"line":37,"column":8},"end":{"line":37,"column":75}},"7":{"start":{"line":39,"column":8},"end":{"line":39,"column":62}},"8":{"start":{"line":41,"column":8},"end":{"line":41,"column":70}},"9":{"start":{"line":43,"column":8},"end":{"line":43,"column":46}},"10":{"start":{"line":45,"column":8},"end":{"line":45,"column":1432}}},"branchMap":{}},"contracts\\Token1.sol":{"l":{"19":0,"23":0,"24":0,"25":0,"26":0,"30":0,"34":0,"38":0,"39":0,"40":0,"41":0,"42":0,"46":0,"50":0,"51":0,"52":0,"53":0,"57":0,"58":0,"59":0,"60":0,"64":0,"65":0,"66":0,"70":0,"72":0,"73":0,"74":0,"75":0,"76":0,"78":0,"82":0,"83":0,"84":0,"85":0},"path":"C:\\Users\\Владислав\\Desktop\\Pair\\contracts\\Token1.sol","s":{"1":0,"2":0,"3":0,"4":0,"5":0,"6":0,"7":0,"8":0,"9":0,"10":0,"11":0,"12":0,"13":0,"14":0,"15":0,"16":0,"17":0,"18":0,"19":0,"20":0,"21":0,"22":0,"23":0,"24":0,"25":0,"26":0,"27":0,"28":0,"29":0,"30":0,"31":0,"32":0,"33":0,"34":0,"35":0},"b":{"1":[0,0],"2":[0,0],"3":[0,0],"4":[0,0],"5":[0,0],"6":[0,0]},"f":{"1":0,"2":0,"3":0,"4":0,"5":0,"6":0,"7":0,"8":0,"9":0,"10":0,"11":0},"fnMap":{"1":{"name":"constructor","line":18,"loc":{"start":{"line":18,"column":4},"end":{"line":20,"column":4}}},"2":{"name":"mint","line":22,"loc":{"start":{"line":22,"column":4},"end":{"line":27,"column":4}}},"3":{"name":"totalSupply","line":29,"loc":{"start":{"line":29,"column":4},"end":{"line":31,"column":4}}},"4":{"name":"balanceOf","line":33,"loc":{"start":{"line":33,"column":4},"end":{"line":35,"column":4}}},"5":{"name":"transfer","line":37,"loc":{"start":{"line":37,"column":4},"end":{"line":43,"column":4}}},"6":{"name":"allowance","line":45,"loc":{"start":{"line":45,"column":4},"end":{"line":47,"column":4}}},"7":{"name":"increaseAllowance","line":49,"loc":{"start":{"line":49,"column":4},"end":{"line":54,"column":4}}},"8":{"name":"decreaseAllowance","line":56,"loc":{"start":{"line":56,"column":8},"end":{"line":61,"column":4}}},"9":{"name":"approve","line":63,"loc":{"start":{"line":63,"column":4},"end":{"line":67,"column":4}}},"10":{"name":"transferFrom","line":69,"loc":{"start":{"line":69,"column":4},"end":{"line":79,"column":4}}},"11":{"name":"burn","line":81,"loc":{"start":{"line":81,"column":4},"end":{"line":86,"column":4}}}},"statementMap":{"1":{"start":{"line":19,"column":8},"end":{"line":19,"column":45}},"2":{"start":{"line":23,"column":8},"end":{"line":23,"column":27}},"3":{"start":{"line":24,"column":8},"end":{"line":24,"column":29}},"4":{"start":{"line":25,"column":8},"end":{"line":25,"column":29}},"5":{"start":{"line":26,"column":8},"end":{"line":26,"column":45}},"6":{"start":{"line":30,"column":7},"end":{"line":30,"column":26}},"7":{"start":{"line":34,"column":8},"end":{"line":34,"column":32}},"8":{"start":{"line":38,"column":8},"end":{"line":38,"column":67}},"9":{"start":{"line":39,"column":8},"end":{"line":39,"column":37}},"10":{"start":{"line":40,"column":8},"end":{"line":40,"column":29}},"11":{"start":{"line":41,"column":8},"end":{"line":41,"column":45}},"12":{"start":{"line":42,"column":8},"end":{"line":42,"column":19}},"13":{"start":{"line":46,"column":8},"end":{"line":46,"column":41}},"14":{"start":{"line":50,"column":8},"end":{"line":50,"column":52}},"15":{"start":{"line":51,"column":8},"end":{"line":51,"column":48}},"16":{"start":{"line":52,"column":8},"end":{"line":52,"column":75}},"17":{"start":{"line":53,"column":8},"end":{"line":53,"column":19}},"18":{"start":{"line":57,"column":8},"end":{"line":57,"column":97}},"19":{"start":{"line":58,"column":8},"end":{"line":58,"column":48}},"20":{"start":{"line":59,"column":8},"end":{"line":59,"column":75}},"21":{"start":{"line":60,"column":8},"end":{"line":60,"column":19}},"22":{"start":{"line":64,"column":8},"end":{"line":64,"column":47}},"23":{"start":{"line":65,"column":8},"end":{"line":65,"column":50}},"24":{"start":{"line":66,"column":8},"end":{"line":66,"column":19}},"25":{"start":{"line":70,"column":8},"end":{"line":70,"column":2343}},"26":{"start":{"line":72,"column":16},"end":{"line":72,"column":53}},"27":{"start":{"line":73,"column":16},"end":{"line":73,"column":39}},"28":{"start":{"line":74,"column":16},"end":{"line":74,"column":37}},"29":{"start":{"line":75,"column":16},"end":{"line":75,"column":47}},"30":{"start":{"line":76,"column":16},"end":{"line":76,"column":27}},"31":{"start":{"line":78,"column":8},"end":{"line":78,"column":20}},"32":{"start":{"line":82,"column":8},"end":{"line":82,"column":73}},"33":{"start":{"line":83,"column":8},"end":{"line":83,"column":29}},"34":{"start":{"line":84,"column":8},"end":{"line":84,"column":34}},"35":{"start":{"line":85,"column":8},"end":{"line":85,"column":50}}},"branchMap":{"1":{"line":23,"type":"if","locations":[{"start":{"line":23,"column":8},"end":{"line":23,"column":8}},{"start":{"line":23,"column":8},"end":{"line":23,"column":8}}]},"2":{"line":38,"type":"if","locations":[{"start":{"line":38,"column":8},"end":{"line":38,"column":8}},{"start":{"line":38,"column":8},"end":{"line":38,"column":8}}]},"3":{"line":50,"type":"if","locations":[{"start":{"line":50,"column":8},"end":{"line":50,"column":8}},{"start":{"line":50,"column":8},"end":{"line":50,"column":8}}]},"4":{"line":57,"type":"if","locations":[{"start":{"line":57,"column":8},"end":{"line":57,"column":8}},{"start":{"line":57,"column":8},"end":{"line":57,"column":8}}]},"5":{"line":70,"type":"if","locations":[{"start":{"line":70,"column":8},"end":{"line":70,"column":8}},{"start":{"line":70,"column":8},"end":{"line":70,"column":8}}]},"6":{"line":82,"type":"if","locations":[{"start":{"line":82,"column":8},"end":{"line":82,"column":8}},{"start":{"line":82,"column":8},"end":{"line":82,"column":8}}]}}},"contracts\\Token2.sol":{"l":{"19":0,"23":0,"24":0,"25":0,"26":0,"30":0,"34":0,"38":0,"39":0,"40":0,"41":0,"42":0,"46":0,"50":0,"51":0,"52":0,"53":0,"57":0,"58":0,"59":0,"60":0,"64":0,"65":0,"66":0,"70":0,"72":0,"73":0,"74":0,"75":0,"76":0,"78":0,"82":0,"83":0,"84":0,"85":0},"path":"C:\\Users\\Владислав\\Desktop\\Pair\\contracts\\Token2.sol","s":{"1":0,"2":0,"3":0,"4":0,"5":0,"6":0,"7":0,"8":0,"9":0,"10":0,"11":0,"12":0,"13":0,"14":0,"15":0,"16":0,"17":0,"18":0,"19":0,"20":0,"21":0,"22":0,"23":0,"24":0,"25":0,"26":0,"27":0,"28":0,"29":0,"30":0,"31":0,"32":0,"33":0,"34":0,"35":0},"b":{"1":[0,0],"2":[0,0],"3":[0,0],"4":[0,0],"5":[0,0],"6":[0,0]},"f":{"1":0,"2":0,"3":0,"4":0,"5":0,"6":0,"7":0,"8":0,"9":0,"10":0,"11":0},"fnMap":{"1":{"name":"constructor","line":18,"loc":{"start":{"line":18,"column":4},"end":{"line":20,"column":4}}},"2":{"name":"mint","line":22,"loc":{"start":{"line":22,"column":4},"end":{"line":27,"column":4}}},"3":{"name":"totalSupply","line":29,"loc":{"start":{"line":29,"column":4},"end":{"line":31,"column":4}}},"4":{"name":"balanceOf","line":33,"loc":{"start":{"line":33,"column":4},"end":{"line":35,"column":4}}},"5":{"name":"transfer","line":37,"loc":{"start":{"line":37,"column":4},"end":{"line":43,"column":4}}},"6":{"name":"allowance","line":45,"loc":{"start":{"line":45,"column":4},"end":{"line":47,"column":4}}},"7":{"name":"increaseAllowance","line":49,"loc":{"start":{"line":49,"column":4},"end":{"line":54,"column":4}}},"8":{"name":"decreaseAllowance","line":56,"loc":{"start":{"line":56,"column":8},"end":{"line":61,"column":4}}},"9":{"name":"approve","line":63,"loc":{"start":{"line":63,"column":4},"end":{"line":67,"column":4}}},"10":{"name":"transferFrom","line":69,"loc":{"start":{"line":69,"column":4},"end":{"line":79,"column":4}}},"11":{"name":"burn","line":81,"loc":{"start":{"line":81,"column":4},"end":{"line":86,"column":4}}}},"statementMap":{"1":{"start":{"line":19,"column":8},"end":{"line":19,"column":45}},"2":{"start":{"line":23,"column":8},"end":{"line":23,"column":27}},"3":{"start":{"line":24,"column":8},"end":{"line":24,"column":29}},"4":{"start":{"line":25,"column":8},"end":{"line":25,"column":29}},"5":{"start":{"line":26,"column":8},"end":{"line":26,"column":45}},"6":{"start":{"line":30,"column":7},"end":{"line":30,"column":26}},"7":{"start":{"line":34,"column":8},"end":{"line":34,"column":32}},"8":{"start":{"line":38,"column":8},"end":{"line":38,"column":67}},"9":{"start":{"line":39,"column":8},"end":{"line":39,"column":37}},"10":{"start":{"line":40,"column":8},"end":{"line":40,"column":29}},"11":{"start":{"line":41,"column":8},"end":{"line":41,"column":45}},"12":{"start":{"line":42,"column":8},"end":{"line":42,"column":19}},"13":{"start":{"line":46,"column":8},"end":{"line":46,"column":41}},"14":{"start":{"line":50,"column":8},"end":{"line":50,"column":52}},"15":{"start":{"line":51,"column":8},"end":{"line":51,"column":48}},"16":{"start":{"line":52,"column":8},"end":{"line":52,"column":75}},"17":{"start":{"line":53,"column":8},"end":{"line":53,"column":19}},"18":{"start":{"line":57,"column":8},"end":{"line":57,"column":97}},"19":{"start":{"line":58,"column":8},"end":{"line":58,"column":48}},"20":{"start":{"line":59,"column":8},"end":{"line":59,"column":75}},"21":{"start":{"line":60,"column":8},"end":{"line":60,"column":19}},"22":{"start":{"line":64,"column":8},"end":{"line":64,"column":47}},"23":{"start":{"line":65,"column":8},"end":{"line":65,"column":50}},"24":{"start":{"line":66,"column":8},"end":{"line":66,"column":19}},"25":{"start":{"line":70,"column":8},"end":{"line":70,"column":2379}},"26":{"start":{"line":72,"column":16},"end":{"line":72,"column":53}},"27":{"start":{"line":73,"column":16},"end":{"line":73,"column":39}},"28":{"start":{"line":74,"column":16},"end":{"line":74,"column":37}},"29":{"start":{"line":75,"column":16},"end":{"line":75,"column":47}},"30":{"start":{"line":76,"column":16},"end":{"line":76,"column":27}},"31":{"start":{"line":78,"column":8},"end":{"line":78,"column":20}},"32":{"start":{"line":82,"column":8},"end":{"line":82,"column":73}},"33":{"start":{"line":83,"column":8},"end":{"line":83,"column":29}},"34":{"start":{"line":84,"column":8},"end":{"line":84,"column":34}},"35":{"start":{"line":85,"column":8},"end":{"line":85,"column":50}}},"branchMap":{"1":{"line":23,"type":"if","locations":[{"start":{"line":23,"column":8},"end":{"line":23,"column":8}},{"start":{"line":23,"column":8},"end":{"line":23,"column":8}}]},"2":{"line":38,"type":"if","locations":[{"start":{"line":38,"column":8},"end":{"line":38,"column":8}},{"start":{"line":38,"column":8},"end":{"line":38,"column":8}}]},"3":{"line":50,"type":"if","locations":[{"start":{"line":50,"column":8},"end":{"line":50,"column":8}},{"start":{"line":50,"column":8},"end":{"line":50,"column":8}}]},"4":{"line":57,"type":"if","locations":[{"start":{"line":57,"column":8},"end":{"line":57,"column":8}},{"start":{"line":57,"column":8},"end":{"line":57,"column":8}}]},"5":{"line":70,"type":"if","locations":[{"start":{"line":70,"column":8},"end":{"line":70,"column":8}},{"start":{"line":70,"column":8},"end":{"line":70,"column":8}}]},"6":{"line":82,"type":"if","locations":[{"start":{"line":82,"column":8},"end":{"line":82,"column":8}},{"start":{"line":82,"column":8},"end":{"line":82,"column":8}}]}}}}